  Домашнее задание №1.cpp
C:\Users\alexh\OneDrive\Рабочий стол\MP-301\Фундаментальные Алгоритмы На C++\Домашнее задание №1\Домашнее задание №1.cpp(55,38): warning C4244: аргумент: преобразование "double" в "long", возможна потеря данных
C:\Users\alexh\OneDrive\Рабочий стол\MP-301\Фундаментальные Алгоритмы На C++\Домашнее задание №1\Домашнее задание №1.cpp(55,23): warning C4244: аргумент: преобразование "double" в "long", возможна потеря данных
C:\Users\alexh\OneDrive\Рабочий стол\MP-301\Фундаментальные Алгоритмы На C++\Домашнее задание №1\Домашнее задание №1.cpp(58,37): warning C4244: аргумент: преобразование "double" в "long", возможна потеря данных
C:\Users\alexh\OneDrive\Рабочий стол\MP-301\Фундаментальные Алгоритмы На C++\Домашнее задание №1\Домашнее задание №1.cpp(58,23): warning C4244: аргумент: преобразование "double" в "long", возможна потеря данных
C:\Users\alexh\OneDrive\Рабочий стол\MP-301\Фундаментальные Алгоритмы На C++\Домашнее задание №1\Домашнее задание №1.cpp(88,46): warning C4244: +=: преобразование "double" в "long", возможна потеря данных
C:\Users\alexh\OneDrive\Рабочий стол\MP-301\Фундаментальные Алгоритмы На C++\Домашнее задание №1\Домашнее задание №1.cpp(92,42): warning C4244: +=: преобразование "double" в "long", возможна потеря данных
C:\Users\alexh\OneDrive\Рабочий стол\MP-301\Фундаментальные Алгоритмы На C++\Домашнее задание №1\Домашнее задание №1.cpp(134,12): warning C4244: инициализация: преобразование "const _Ty" в "int", возможна потеря данных
          with
          [
              _Ty=double
          ]
C:\Users\alexh\OneDrive\Рабочий стол\MP-301\Фундаментальные Алгоритмы На C++\Домашнее задание №1\Домашнее задание №1.cpp(134,32): warning C4244: инициализация: преобразование "const _Ty" в "int", возможна потеря данных
          with
          [
              _Ty=double
          ]
C:\Users\alexh\OneDrive\Рабочий стол\MP-301\Фундаментальные Алгоритмы На C++\Домашнее задание №1\Домашнее задание №1.cpp(135,12): warning C4244: инициализация: преобразование "const _Ty" в "int", возможна потеря данных
          with
          [
              _Ty=double
          ]
C:\Users\alexh\OneDrive\Рабочий стол\MP-301\Фундаментальные Алгоритмы На C++\Домашнее задание №1\Домашнее задание №1.cpp(135,32): warning C4244: инициализация: преобразование "const _Ty" в "int", возможна потеря данных
          with
          [
              _Ty=double
          ]
C:\Users\alexh\OneDrive\Рабочий стол\MP-301\Фундаментальные Алгоритмы На C++\Домашнее задание №1\Домашнее задание №1.cpp(154,21): warning C4267: инициализация: преобразование из "size_t" в "int"; возможна потеря данных
C:\Users\alexh\OneDrive\Рабочий стол\MP-301\Фундаментальные Алгоритмы На C++\Домашнее задание №1\Домашнее задание №1.cpp(200,24): warning C4267: return: преобразование из "size_t" в "int"; возможна потеря данных
  Домашнее задание №1.vcxproj -> C:\Users\alexh\OneDrive\Рабочий стол\MP-301\Фундаментальные Алгоритмы На C++\Домашнее задание №1\x64\Debug\Домашнее задание №1.exe
